2018-03-18 11:56:08 INFO  logout:14 - logaprakash98@gmail.com - Logged Out
2018-03-18 11:56:14 INFO  validate_user:14 - logaprakash98@gmail.com - Login In
2018-03-18 11:56:27 FATAL Database class:22 - com.mysql.jdbc.exceptions.jdbc4.MySQLIntegrityConstraintViolationException: Duplicate entry 'logaprakash98@gmail.com' for key 'PRIMARY'
2018-03-18 11:56:27 INFO  validate_user:14 - logaprakash98@gmail.com - Login In
2018-03-18 11:58:59 INFO  logout:14 - logaprakash98@gmail.com - Logged Out
2018-03-18 11:59:06 INFO  logout:14 - logaprakash98@gmail.com - Logged Out
2018-03-18 12:23:36 INFO  validate_user:14 - logaprakash98@gmail.com - Login In
2018-03-18 12:25:03 INFO  logout:14 - logaprakash98@gmail.com - Logged Out
2018-03-18 12:31:36 INFO  validate_user:14 - logaprakash98@gmail.com - Login In
2018-03-18 12:31:46 INFO  logout:14 - logaprakash98@gmail.com - Logged Out
2018-03-18 12:38:55 INFO  logout:14 - logaprakash98@gmail.com - Logged Out
2018-03-18 12:39:07 INFO  validate_user:14 - logaprakash98@gmail.com - Login In
2018-03-18 12:39:15 INFO  logout:14 - logaprakash98@gmail.com - Logged Out
2018-03-18 12:41:12 INFO  validate_user:14 - logaprakash98@gmail.com - Login In
2018-03-18 12:41:17 INFO  logout:14 - logaprakash98@gmail.com - Logged Out
2018-03-18 13:19:15 FATAL Database class:22 - java.lang.NullPointerException
2018-03-18 13:19:15 INFO  validate_user:14 - logaprakash98@gmail.com - Invalid Login
2018-03-18 13:19:23 INFO  validate_user:14 - logaprakash98@gmail.com - Login In
2018-03-18 13:19:32 INFO  logout:14 - logaprakash98@gmail.com - Logged Out
2018-03-18 13:19:39 INFO  validate_user:14 - logaprakash98@gmail.com - Login In
2018-03-18 13:19:55 FATAL Database class:22 - com.mysql.jdbc.exceptions.jdbc4.MySQLIntegrityConstraintViolationException: Duplicate entry 'logaprakash98@gmail.com' for key 'PRIMARY'
2018-03-18 13:19:56 INFO  validate_user:14 - logaprakash98@gmail.com - Login In
2018-03-18 13:20:01 INFO  logout:14 - logaprakash98@gmail.com - Logged Out
2018-03-18 13:21:20 FATAL Database class:22 - java.lang.NullPointerException
2018-03-18 13:21:20 INFO  validate_user:14 - logaprakash99@gmail.com - Invalid Login
2018-03-18 13:21:30 INFO  validate_user:14 - loga@gmail.com - Login In
2018-03-18 13:22:43 INFO  logout:14 - logaprakash98@gmail.com - Logged Out
2018-03-18 13:22:49 INFO  validate_user:14 - logaprakash98@gmail.com - Login In
2018-03-18 13:23:49 INFO  logout:14 - loga@gmail.com - Logged Out
